  [1m[36mArtist Load (1.2ms)[0m  [1m[34mSELECT "artists".* FROM "artists"[0m
  [1m[36mArtist Load (0.2ms)[0m  [1m[34mSELECT  "artists".* FROM "artists" ORDER BY "artists"."id" ASC LIMIT ?[0m  [["LIMIT", 1]]
  [1m[36mSong Load (0.1ms)[0m  [1m[34mSELECT "songs".* FROM "songs" WHERE "songs"."artist_id" = ?[0m  [["artist_id", 1]]
  [1m[36mSong Load (0.2ms)[0m  [1m[34mSELECT  "songs".* FROM "songs" WHERE "songs"."artist_id" = ? AND "songs"."id" = ? LIMIT ?[0m  [["artist_id", 1], ["id", 8], ["LIMIT", 1]]
Started GET "/posts/new" for ::1 at 2017-05-04 14:27:38 -0400
  [1m[36mActiveRecord::SchemaMigration Load (0.2ms)[0m  [1m[34mSELECT "schema_migrations".* FROM "schema_migrations"[0m
  
ActionController::RoutingError (No route matches [GET] "/posts/new"):
  
actionpack (5.0.2) lib/action_dispatch/middleware/debug_exceptions.rb:53:in `call'
web-console (2.3.0) lib/web_console/middleware.rb:28:in `block in call'
web-console (2.3.0) lib/web_console/middleware.rb:18:in `catch'
web-console (2.3.0) lib/web_console/middleware.rb:18:in `call'
actionpack (5.0.2) lib/action_dispatch/middleware/show_exceptions.rb:31:in `call'
railties (5.0.2) lib/rails/rack/logger.rb:36:in `call_app'
railties (5.0.2) lib/rails/rack/logger.rb:24:in `block in call'
activesupport (5.0.2) lib/active_support/tagged_logging.rb:69:in `block in tagged'
activesupport (5.0.2) lib/active_support/tagged_logging.rb:26:in `tagged'
activesupport (5.0.2) lib/active_support/tagged_logging.rb:69:in `tagged'
railties (5.0.2) lib/rails/rack/logger.rb:24:in `call'
actionpack (5.0.2) lib/action_dispatch/middleware/request_id.rb:24:in `call'
rack (2.0.1) lib/rack/method_override.rb:22:in `call'
rack (2.0.1) lib/rack/runtime.rb:22:in `call'
activesupport (5.0.2) lib/active_support/cache/strategy/local_cache_middleware.rb:28:in `call'
actionpack (5.0.2) lib/action_dispatch/middleware/executor.rb:12:in `call'
actionpack (5.0.2) lib/action_dispatch/middleware/static.rb:136:in `call'
rack (2.0.1) lib/rack/sendfile.rb:111:in `call'
railties (5.0.2) lib/rails/engine.rb:522:in `call'
rack (2.0.1) lib/rack/handler/webrick.rb:86:in `service'
/Users/Daniel/.rvm/rubies/ruby-2.4.1/lib/ruby/2.4.0/webrick/httpserver.rb:140:in `service'
/Users/Daniel/.rvm/rubies/ruby-2.4.1/lib/ruby/2.4.0/webrick/httpserver.rb:96:in `run'
/Users/Daniel/.rvm/rubies/ruby-2.4.1/lib/ruby/2.4.0/webrick/server.rb:290:in `block in start_thread'
  Rendering /Users/Daniel/.rvm/gems/ruby-2.4.1/gems/actionpack-5.0.2/lib/action_dispatch/middleware/templates/rescues/routing_error.html.erb within rescues/layout
  Rendering /Users/Daniel/.rvm/gems/ruby-2.4.1/gems/actionpack-5.0.2/lib/action_dispatch/middleware/templates/rescues/_trace.html.erb
  Rendered /Users/Daniel/.rvm/gems/ruby-2.4.1/gems/actionpack-5.0.2/lib/action_dispatch/middleware/templates/rescues/_trace.html.erb (1.0ms)
  Rendered collection of /Users/Daniel/.rvm/gems/ruby-2.4.1/gems/actionpack-5.0.2/lib/action_dispatch/middleware/templates/routes/_route.html.erb [20 times] (5.0ms)
  Rendered /Users/Daniel/.rvm/gems/ruby-2.4.1/gems/actionpack-5.0.2/lib/action_dispatch/middleware/templates/routes/_table.html.erb (8.6ms)
  Rendering /Users/Daniel/.rvm/gems/ruby-2.4.1/gems/actionpack-5.0.2/lib/action_dispatch/middleware/templates/rescues/_request_and_response.html.erb
  Rendered /Users/Daniel/.rvm/gems/ruby-2.4.1/gems/actionpack-5.0.2/lib/action_dispatch/middleware/templates/rescues/_request_and_response.html.erb (9.0ms)
  Rendered /Users/Daniel/.rvm/gems/ruby-2.4.1/gems/actionpack-5.0.2/lib/action_dispatch/middleware/templates/rescues/routing_error.html.erb within rescues/layout (98.0ms)
DEPRECATION WARNING: Accessing mime types via constants is deprecated. Please change `Mime::HTML` to `Mime[:html]`. (called from acceptable_content_type? at /Users/Daniel/.rvm/gems/ruby-2.4.1/gems/web-console-2.3.0/lib/web_console/middleware.rb:58)
  Rendering /Users/Daniel/.rvm/gems/ruby-2.4.1/gems/web-console-2.3.0/lib/web_console/templates/index.html.erb
  Rendered /Users/Daniel/.rvm/gems/ruby-2.4.1/gems/web-console-2.3.0/lib/web_console/templates/_markup.html.erb (0.3ms)
  Rendering /Users/Daniel/.rvm/gems/ruby-2.4.1/gems/web-console-2.3.0/lib/web_console/templates/console.js.erb within layouts/javascript
  Rendering /Users/Daniel/.rvm/gems/ruby-2.4.1/gems/web-console-2.3.0/lib/web_console/templates/_inner_console_markup.html.erb within layouts/inlined_string
  Rendered /Users/Daniel/.rvm/gems/ruby-2.4.1/gems/web-console-2.3.0/lib/web_console/templates/_inner_console_markup.html.erb within layouts/inlined_string (0.3ms)
  Rendering /Users/Daniel/.rvm/gems/ruby-2.4.1/gems/web-console-2.3.0/lib/web_console/templates/_prompt_box_markup.html.erb within layouts/inlined_string
  Rendered /Users/Daniel/.rvm/gems/ruby-2.4.1/gems/web-console-2.3.0/lib/web_console/templates/_prompt_box_markup.html.erb within layouts/inlined_string (0.2ms)
  Rendering /Users/Daniel/.rvm/gems/ruby-2.4.1/gems/web-console-2.3.0/lib/web_console/templates/style.css.erb within layouts/inlined_string
  Rendered /Users/Daniel/.rvm/gems/ruby-2.4.1/gems/web-console-2.3.0/lib/web_console/templates/style.css.erb within layouts/inlined_string (0.3ms)
DEPRECATION WARNING: Accessing mime types via constants is deprecated. Please change `Mime::WEB_CONSOLE_V2` to `Mime[:web_console_v2]`. (called from ___sers__aniel__rvm_gems_ruby_______gems_web_console_______lib_web_console_templates_console_js_erb___1091723747892802779_70113211732960 at /Users/Daniel/.rvm/gems/ruby-2.4.1/gems/web-console-2.3.0/lib/web_console/templates/console.js.erb:491)
  Rendered /Users/Daniel/.rvm/gems/ruby-2.4.1/gems/web-console-2.3.0/lib/web_console/templates/console.js.erb within layouts/javascript (49.1ms)
  Rendering /Users/Daniel/.rvm/gems/ruby-2.4.1/gems/web-console-2.3.0/lib/web_console/templates/main.js.erb within layouts/javascript
  Rendered /Users/Daniel/.rvm/gems/ruby-2.4.1/gems/web-console-2.3.0/lib/web_console/templates/main.js.erb within layouts/javascript (0.2ms)
  Rendering /Users/Daniel/.rvm/gems/ruby-2.4.1/gems/web-console-2.3.0/lib/web_console/templates/error_page.js.erb within layouts/javascript
  Rendered /Users/Daniel/.rvm/gems/ruby-2.4.1/gems/web-console-2.3.0/lib/web_console/templates/error_page.js.erb within layouts/javascript (0.4ms)
  Rendered /Users/Daniel/.rvm/gems/ruby-2.4.1/gems/web-console-2.3.0/lib/web_console/templates/index.html.erb (109.0ms)
Started GET "/songs/new" for ::1 at 2017-05-04 14:27:42 -0400
Processing by SongsController#new as HTML
  Rendering songs/new.html.erb within layouts/application
  [1m[36mArtist Load (0.1ms)[0m  [1m[34mSELECT "artists".* FROM "artists"[0m
  Rendered songs/_form.html.erb (14.1ms)
  Rendered songs/new.html.erb within layouts/application (15.4ms)
Completed 200 OK in 150ms (Views: 140.1ms | ActiveRecord: 0.9ms)


Started POST "/songs" for ::1 at 2017-05-04 14:28:13 -0400
Processing by SongsController#create as HTML
  Parameters: {"utf8"=>"✓", "authenticity_token"=>"uOmtg3xV1WWdAGvt7THGzFZdN2N0VK1KqDrrJdrIKUt5G56Ap1OU9hT6gtbaIu6CuEBYV9yrnuhtkivFNoJ4TA==", "song"=>{"artist_id"=>"5", "title"=>"Miss Those Dayz", "artist_name"=>"Celph Titled"}, "commit"=>"Create Song"}
  [1m[36mArtist Load (0.1ms)[0m  [1m[34mSELECT  "artists".* FROM "artists" WHERE "artists"."name" = ? LIMIT ?[0m  [["name", "Celph Titled"], ["LIMIT", 1]]
  [1m[35m (0.0ms)[0m  [1m[36mbegin transaction[0m
  [1m[35mSQL (0.8ms)[0m  [1m[32mINSERT INTO "artists" ("name", "created_at", "updated_at") VALUES (?, ?, ?)[0m  [["name", "Celph Titled"], ["created_at", 2017-05-04 18:28:13 UTC], ["updated_at", 2017-05-04 18:28:13 UTC]]
  [1m[35m (0.5ms)[0m  [1m[36mcommit transaction[0m
  [1m[35m (0.0ms)[0m  [1m[36mbegin transaction[0m
  [1m[35mSQL (0.5ms)[0m  [1m[32mINSERT INTO "songs" ("title", "created_at", "updated_at", "artist_id") VALUES (?, ?, ?, ?)[0m  [["title", "Miss Those Dayz"], ["created_at", 2017-05-04 18:28:13 UTC], ["updated_at", 2017-05-04 18:28:13 UTC], ["artist_id", 5]]
  [1m[35m (0.5ms)[0m  [1m[36mcommit transaction[0m
Redirected to http://localhost:3000/songs/10
Completed 302 Found in 7ms (ActiveRecord: 2.6ms)


Started GET "/songs/10" for ::1 at 2017-05-04 14:28:13 -0400
Processing by SongsController#show as HTML
  Parameters: {"id"=>"10"}
  [1m[36mSong Load (0.1ms)[0m  [1m[34mSELECT  "songs".* FROM "songs" WHERE "songs"."id" = ? LIMIT ?[0m  [["id", 10], ["LIMIT", 1]]
  Rendering songs/show.html.erb within layouts/application
  [1m[36mArtist Load (0.1ms)[0m  [1m[34mSELECT  "artists".* FROM "artists" WHERE "artists"."id" = ? LIMIT ?[0m  [["id", 5], ["LIMIT", 1]]
  Rendered songs/show.html.erb within layouts/application (3.8ms)
Completed 200 OK in 12ms (Views: 9.0ms | ActiveRecord: 0.3ms)


Started GET "/songs/10" for ::1 at 2017-05-04 14:28:24 -0400
Processing by SongsController#show as HTML
  Parameters: {"id"=>"10"}
  [1m[36mSong Load (0.1ms)[0m  [1m[34mSELECT  "songs".* FROM "songs" WHERE "songs"."id" = ? LIMIT ?[0m  [["id", 10], ["LIMIT", 1]]
  Rendering songs/show.html.erb within layouts/application
  [1m[36mArtist Load (0.1ms)[0m  [1m[34mSELECT  "artists".* FROM "artists" WHERE "artists"."id" = ? LIMIT ?[0m  [["id", 5], ["LIMIT", 1]]
  Rendered songs/show.html.erb within layouts/application (1.5ms)
Completed 200 OK in 9ms (Views: 7.4ms | ActiveRecord: 0.2ms)


Started GET "/songs" for ::1 at 2017-05-04 14:28:26 -0400
Processing by SongsController#index as HTML
  Rendering songs/index.html.erb within layouts/application
  [1m[36mSong Load (0.2ms)[0m  [1m[34mSELECT "songs".* FROM "songs"[0m
  [1m[36mArtist Load (0.1ms)[0m  [1m[34mSELECT  "artists".* FROM "artists" WHERE "artists"."id" = ? LIMIT ?[0m  [["id", 1], ["LIMIT", 1]]
  [1m[36mCACHE (0.0ms)[0m  [1m[34mSELECT  "artists".* FROM "artists" WHERE "artists"."id" = ? LIMIT ?[0m  [["id", 1], ["LIMIT", 1]]
  [1m[36mArtist Load (0.1ms)[0m  [1m[34mSELECT  "artists".* FROM "artists" WHERE "artists"."id" = ? LIMIT ?[0m  [["id", 2], ["LIMIT", 1]]
  [1m[36mArtist Load (0.0ms)[0m  [1m[34mSELECT  "artists".* FROM "artists" WHERE "artists"."id" = ? LIMIT ?[0m  [["id", 3], ["LIMIT", 1]]
  [1m[36mCACHE (0.0ms)[0m  [1m[34mSELECT  "artists".* FROM "artists" WHERE "artists"."id" = ? LIMIT ?[0m  [["id", 3], ["LIMIT", 1]]
  [1m[36mArtist Load (0.1ms)[0m  [1m[34mSELECT  "artists".* FROM "artists" WHERE "artists"."id" = ? LIMIT ?[0m  [["id", 4], ["LIMIT", 1]]
  [1m[36mCACHE (0.0ms)[0m  [1m[34mSELECT  "artists".* FROM "artists" WHERE "artists"."id" = ? LIMIT ?[0m  [["id", 4], ["LIMIT", 1]]
  [1m[36mCACHE (0.0ms)[0m  [1m[34mSELECT  "artists".* FROM "artists" WHERE "artists"."id" = ? LIMIT ?[0m  [["id", 4], ["LIMIT", 1]]
  [1m[36mCACHE (0.0ms)[0m  [1m[34mSELECT  "artists".* FROM "artists" WHERE "artists"."id" = ? LIMIT ?[0m  [["id", 1], ["LIMIT", 1]]
  [1m[36mArtist Load (0.1ms)[0m  [1m[34mSELECT  "artists".* FROM "artists" WHERE "artists"."id" = ? LIMIT ?[0m  [["id", 5], ["LIMIT", 1]]
  Rendered songs/index.html.erb within layouts/application (8.8ms)
Completed 200 OK in 16ms (Views: 13.9ms | ActiveRecord: 0.5ms)


Started GET "/songs/9" for ::1 at 2017-05-04 14:28:31 -0400
Processing by SongsController#show as HTML
  Parameters: {"id"=>"9"}
  [1m[36mSong Load (0.1ms)[0m  [1m[34mSELECT  "songs".* FROM "songs" WHERE "songs"."id" = ? LIMIT ?[0m  [["id", 9], ["LIMIT", 1]]
  Rendering songs/show.html.erb within layouts/application
  [1m[36mArtist Load (0.1ms)[0m  [1m[34mSELECT  "artists".* FROM "artists" WHERE "artists"."id" = ? LIMIT ?[0m  [["id", 1], ["LIMIT", 1]]
  Rendered songs/show.html.erb within layouts/application (1.5ms)
Completed 200 OK in 8ms (Views: 6.4ms | ActiveRecord: 0.1ms)


Started GET "/artists/1" for ::1 at 2017-05-04 14:28:32 -0400
Processing by ArtistsController#show as HTML
  Parameters: {"id"=>"1"}
  [1m[36mArtist Load (0.1ms)[0m  [1m[34mSELECT  "artists".* FROM "artists" WHERE "artists"."id" = ? LIMIT ?[0m  [["id", 1], ["LIMIT", 1]]
  Rendering artists/show.html.erb within layouts/application
  [1m[36mSong Load (0.2ms)[0m  [1m[34mSELECT "songs".* FROM "songs" WHERE "songs"."artist_id" = ?[0m  [["artist_id", 1]]
  Rendered artists/show.html.erb within layouts/application (7.3ms)
Completed 200 OK in 15ms (Views: 12.5ms | ActiveRecord: 0.2ms)


Started GET "/artists/1/songs/2" for ::1 at 2017-05-04 14:28:34 -0400
Processing by SongsController#show as HTML
  Parameters: {"artist_id"=>"1", "id"=>"2"}
  [1m[36mArtist Load (0.1ms)[0m  [1m[34mSELECT  "artists".* FROM "artists" WHERE "artists"."id" = ? LIMIT ?[0m  [["id", 1], ["LIMIT", 1]]
  [1m[36mSong Load (0.2ms)[0m  [1m[34mSELECT  "songs".* FROM "songs" WHERE "songs"."artist_id" = ? AND "songs"."id" = ? LIMIT ?[0m  [["artist_id", 1], ["id", 2], ["LIMIT", 1]]
  Rendering songs/show.html.erb within layouts/application
  Rendered songs/show.html.erb within layouts/application (0.7ms)
Completed 200 OK in 10ms (Views: 6.5ms | ActiveRecord: 0.3ms)


Started GET "/artists/1" for ::1 at 2017-05-04 14:28:35 -0400
Processing by ArtistsController#show as HTML
  Parameters: {"id"=>"1"}
  [1m[36mArtist Load (0.1ms)[0m  [1m[34mSELECT  "artists".* FROM "artists" WHERE "artists"."id" = ? LIMIT ?[0m  [["id", 1], ["LIMIT", 1]]
  Rendering artists/show.html.erb within layouts/application
  [1m[36mSong Load (0.1ms)[0m  [1m[34mSELECT "songs".* FROM "songs" WHERE "songs"."artist_id" = ?[0m  [["artist_id", 1]]
  Rendered artists/show.html.erb within layouts/application (1.9ms)
Completed 200 OK in 9ms (Views: 7.2ms | ActiveRecord: 0.2ms)


Started GET "/artists/1/songs/1" for ::1 at 2017-05-04 14:28:35 -0400
Processing by SongsController#show as HTML
  Parameters: {"artist_id"=>"1", "id"=>"1"}
  [1m[36mArtist Load (0.1ms)[0m  [1m[34mSELECT  "artists".* FROM "artists" WHERE "artists"."id" = ? LIMIT ?[0m  [["id", 1], ["LIMIT", 1]]
  [1m[36mSong Load (0.2ms)[0m  [1m[34mSELECT  "songs".* FROM "songs" WHERE "songs"."artist_id" = ? AND "songs"."id" = ? LIMIT ?[0m  [["artist_id", 1], ["id", 1], ["LIMIT", 1]]
  Rendering songs/show.html.erb within layouts/application
  Rendered songs/show.html.erb within layouts/application (0.7ms)
Completed 200 OK in 10ms (Views: 6.7ms | ActiveRecord: 0.3ms)


Started GET "/artists/1" for ::1 at 2017-05-04 14:28:36 -0400
Processing by ArtistsController#show as HTML
  Parameters: {"id"=>"1"}
  [1m[36mArtist Load (0.2ms)[0m  [1m[34mSELECT  "artists".* FROM "artists" WHERE "artists"."id" = ? LIMIT ?[0m  [["id", 1], ["LIMIT", 1]]
  Rendering artists/show.html.erb within layouts/application
  [1m[36mSong Load (0.1ms)[0m  [1m[34mSELECT "songs".* FROM "songs" WHERE "songs"."artist_id" = ?[0m  [["artist_id", 1]]
  Rendered artists/show.html.erb within layouts/application (2.0ms)
Completed 200 OK in 9ms (Views: 7.1ms | ActiveRecord: 0.3ms)


Started GET "/artists/1/songs/1" for ::1 at 2017-05-04 14:28:37 -0400
Processing by SongsController#show as HTML
  Parameters: {"artist_id"=>"1", "id"=>"1"}
  [1m[36mArtist Load (0.1ms)[0m  [1m[34mSELECT  "artists".* FROM "artists" WHERE "artists"."id" = ? LIMIT ?[0m  [["id", 1], ["LIMIT", 1]]
  [1m[36mSong Load (0.2ms)[0m  [1m[34mSELECT  "songs".* FROM "songs" WHERE "songs"."artist_id" = ? AND "songs"."id" = ? LIMIT ?[0m  [["artist_id", 1], ["id", 1], ["LIMIT", 1]]
  Rendering songs/show.html.erb within layouts/application
  Rendered songs/show.html.erb within layouts/application (0.6ms)
Completed 200 OK in 9ms (Views: 5.7ms | ActiveRecord: 0.3ms)


Started GET "/songs" for ::1 at 2017-05-04 14:28:38 -0400
Processing by SongsController#index as HTML
  Rendering songs/index.html.erb within layouts/application
  [1m[36mSong Load (0.2ms)[0m  [1m[34mSELECT "songs".* FROM "songs"[0m
  [1m[36mArtist Load (0.1ms)[0m  [1m[34mSELECT  "artists".* FROM "artists" WHERE "artists"."id" = ? LIMIT ?[0m  [["id", 1], ["LIMIT", 1]]
  [1m[36mCACHE (0.0ms)[0m  [1m[34mSELECT  "artists".* FROM "artists" WHERE "artists"."id" = ? LIMIT ?[0m  [["id", 1], ["LIMIT", 1]]
  [1m[36mArtist Load (0.1ms)[0m  [1m[34mSELECT  "artists".* FROM "artists" WHERE "artists"."id" = ? LIMIT ?[0m  [["id", 2], ["LIMIT", 1]]
  [1m[36mArtist Load (0.0ms)[0m  [1m[34mSELECT  "artists".* FROM "artists" WHERE "artists"."id" = ? LIMIT ?[0m  [["id", 3], ["LIMIT", 1]]
  [1m[36mCACHE (0.0ms)[0m  [1m[34mSELECT  "artists".* FROM "artists" WHERE "artists"."id" = ? LIMIT ?[0m  [["id", 3], ["LIMIT", 1]]
  [1m[36mArtist Load (0.1ms)[0m  [1m[34mSELECT  "artists".* FROM "artists" WHERE "artists"."id" = ? LIMIT ?[0m  [["id", 4], ["LIMIT", 1]]
  [1m[36mCACHE (0.0ms)[0m  [1m[34mSELECT  "artists".* FROM "artists" WHERE "artists"."id" = ? LIMIT ?[0m  [["id", 4], ["LIMIT", 1]]
  [1m[36mCACHE (0.0ms)[0m  [1m[34mSELECT  "artists".* FROM "artists" WHERE "artists"."id" = ? LIMIT ?[0m  [["id", 4], ["LIMIT", 1]]
  [1m[36mCACHE (0.0ms)[0m  [1m[34mSELECT  "artists".* FROM "artists" WHERE "artists"."id" = ? LIMIT ?[0m  [["id", 1], ["LIMIT", 1]]
  [1m[36mArtist Load (0.1ms)[0m  [1m[34mSELECT  "artists".* FROM "artists" WHERE "artists"."id" = ? LIMIT ?[0m  [["id", 5], ["LIMIT", 1]]
  Rendered songs/index.html.erb within layouts/application (10.1ms)
Completed 200 OK in 17ms (Views: 14.8ms | ActiveRecord: 0.6ms)


Started GET "/songs/new" for ::1 at 2017-05-04 14:28:40 -0400
Processing by SongsController#new as HTML
  Rendering songs/new.html.erb within layouts/application
  [1m[36mArtist Load (0.1ms)[0m  [1m[34mSELECT "artists".* FROM "artists"[0m
  Rendered songs/_form.html.erb (2.6ms)
  Rendered songs/new.html.erb within layouts/application (3.9ms)
Completed 200 OK in 10ms (Views: 8.6ms | ActiveRecord: 0.1ms)


Started POST "/songs" for ::1 at 2017-05-04 14:28:50 -0400
Processing by SongsController#create as HTML
  Parameters: {"utf8"=>"✓", "authenticity_token"=>"cLSv4vB/MUemSKoUZI9AQ8jNqSrtNUoLSYHTrB8adVaxRpzhK3lw1C+yQy9TnGgNJtDGHkXKeamMKRNM81AkUQ==", "song"=>{"artist_id"=>"3", "title"=>"Damn", "artist_name"=>"I'm a Daft Punk"}, "commit"=>"Create Song"}
  [1m[36mArtist Load (0.2ms)[0m  [1m[34mSELECT  "artists".* FROM "artists" WHERE "artists"."name" = ? LIMIT ?[0m  [["name", "I'm a Daft Punk"], ["LIMIT", 1]]
  [1m[35m (0.0ms)[0m  [1m[36mbegin transaction[0m
  [1m[35mSQL (0.6ms)[0m  [1m[32mINSERT INTO "artists" ("name", "created_at", "updated_at") VALUES (?, ?, ?)[0m  [["name", "I'm a Daft Punk"], ["created_at", 2017-05-04 18:28:50 UTC], ["updated_at", 2017-05-04 18:28:50 UTC]]
  [1m[35m (0.6ms)[0m  [1m[36mcommit transaction[0m
  [1m[35m (0.0ms)[0m  [1m[36mbegin transaction[0m
  [1m[35mSQL (0.3ms)[0m  [1m[32mINSERT INTO "songs" ("title", "created_at", "updated_at", "artist_id") VALUES (?, ?, ?, ?)[0m  [["title", "Damn"], ["created_at", 2017-05-04 18:28:50 UTC], ["updated_at", 2017-05-04 18:28:50 UTC], ["artist_id", 3]]
  [1m[35m (0.5ms)[0m  [1m[36mcommit transaction[0m
Redirected to http://localhost:3000/songs/11
Completed 302 Found in 6ms (ActiveRecord: 2.3ms)


Started GET "/songs/11" for ::1 at 2017-05-04 14:28:50 -0400
Processing by SongsController#show as HTML
  Parameters: {"id"=>"11"}
  [1m[36mSong Load (0.1ms)[0m  [1m[34mSELECT  "songs".* FROM "songs" WHERE "songs"."id" = ? LIMIT ?[0m  [["id", 11], ["LIMIT", 1]]
  Rendering songs/show.html.erb within layouts/application
  [1m[36mArtist Load (0.1ms)[0m  [1m[34mSELECT  "artists".* FROM "artists" WHERE "artists"."id" = ? LIMIT ?[0m  [["id", 3], ["LIMIT", 1]]
  Rendered songs/show.html.erb within layouts/application (1.6ms)
Completed 200 OK in 8ms (Views: 6.7ms | ActiveRecord: 0.2ms)


Started GET "/artists/3" for ::1 at 2017-05-04 14:28:53 -0400
Processing by ArtistsController#show as HTML
  Parameters: {"id"=>"3"}
  [1m[36mArtist Load (0.1ms)[0m  [1m[34mSELECT  "artists".* FROM "artists" WHERE "artists"."id" = ? LIMIT ?[0m  [["id", 3], ["LIMIT", 1]]
  Rendering artists/show.html.erb within layouts/application
  [1m[36mSong Load (0.1ms)[0m  [1m[34mSELECT "songs".* FROM "songs" WHERE "songs"."artist_id" = ?[0m  [["artist_id", 3]]
  Rendered artists/show.html.erb within layouts/application (1.9ms)
Completed 200 OK in 9ms (Views: 7.4ms | ActiveRecord: 0.2ms)


Started GET "/artists/3/songs/11" for ::1 at 2017-05-04 14:28:55 -0400
Processing by SongsController#show as HTML
  Parameters: {"artist_id"=>"3", "id"=>"11"}
  [1m[36mArtist Load (0.1ms)[0m  [1m[34mSELECT  "artists".* FROM "artists" WHERE "artists"."id" = ? LIMIT ?[0m  [["id", 3], ["LIMIT", 1]]
  [1m[36mSong Load (0.2ms)[0m  [1m[34mSELECT  "songs".* FROM "songs" WHERE "songs"."artist_id" = ? AND "songs"."id" = ? LIMIT ?[0m  [["artist_id", 3], ["id", 11], ["LIMIT", 1]]
  Rendering songs/show.html.erb within layouts/application
  Rendered songs/show.html.erb within layouts/application (0.7ms)
Completed 200 OK in 10ms (Views: 6.8ms | ActiveRecord: 0.3ms)


Started GET "/artists/3/songs/edit/11" for ::1 at 2017-05-04 14:29:06 -0400
  
ActionController::RoutingError (No route matches [GET] "/artists/3/songs/edit/11"):
  
actionpack (5.0.2) lib/action_dispatch/middleware/debug_exceptions.rb:53:in `call'
web-console (2.3.0) lib/web_console/middleware.rb:28:in `block in call'
web-console (2.3.0) lib/web_console/middleware.rb:18:in `catch'
web-console (2.3.0) lib/web_console/middleware.rb:18:in `call'
actionpack (5.0.2) lib/action_dispatch/middleware/show_exceptions.rb:31:in `call'
railties (5.0.2) lib/rails/rack/logger.rb:36:in `call_app'
railties (5.0.2) lib/rails/rack/logger.rb:24:in `block in call'
activesupport (5.0.2) lib/active_support/tagged_logging.rb:69:in `block in tagged'
activesupport (5.0.2) lib/active_support/tagged_logging.rb:26:in `tagged'
activesupport (5.0.2) lib/active_support/tagged_logging.rb:69:in `tagged'
railties (5.0.2) lib/rails/rack/logger.rb:24:in `call'
actionpack (5.0.2) lib/action_dispatch/middleware/request_id.rb:24:in `call'
rack (2.0.1) lib/rack/method_override.rb:22:in `call'
rack (2.0.1) lib/rack/runtime.rb:22:in `call'
activesupport (5.0.2) lib/active_support/cache/strategy/local_cache_middleware.rb:28:in `call'
actionpack (5.0.2) lib/action_dispatch/middleware/executor.rb:12:in `call'
actionpack (5.0.2) lib/action_dispatch/middleware/static.rb:136:in `call'
rack (2.0.1) lib/rack/sendfile.rb:111:in `call'
railties (5.0.2) lib/rails/engine.rb:522:in `call'
rack (2.0.1) lib/rack/handler/webrick.rb:86:in `service'
/Users/Daniel/.rvm/rubies/ruby-2.4.1/lib/ruby/2.4.0/webrick/httpserver.rb:140:in `service'
/Users/Daniel/.rvm/rubies/ruby-2.4.1/lib/ruby/2.4.0/webrick/httpserver.rb:96:in `run'
/Users/Daniel/.rvm/rubies/ruby-2.4.1/lib/ruby/2.4.0/webrick/server.rb:290:in `block in start_thread'
  Rendering /Users/Daniel/.rvm/gems/ruby-2.4.1/gems/actionpack-5.0.2/lib/action_dispatch/middleware/templates/rescues/routing_error.html.erb within rescues/layout
  Rendering /Users/Daniel/.rvm/gems/ruby-2.4.1/gems/actionpack-5.0.2/lib/action_dispatch/middleware/templates/rescues/_trace.html.erb
  Rendered /Users/Daniel/.rvm/gems/ruby-2.4.1/gems/actionpack-5.0.2/lib/action_dispatch/middleware/templates/rescues/_trace.html.erb (1.0ms)
  Rendered collection of /Users/Daniel/.rvm/gems/ruby-2.4.1/gems/actionpack-5.0.2/lib/action_dispatch/middleware/templates/routes/_route.html.erb [20 times] (7.6ms)
  Rendered /Users/Daniel/.rvm/gems/ruby-2.4.1/gems/actionpack-5.0.2/lib/action_dispatch/middleware/templates/routes/_table.html.erb (1.2ms)
  Rendering /Users/Daniel/.rvm/gems/ruby-2.4.1/gems/actionpack-5.0.2/lib/action_dispatch/middleware/templates/rescues/_request_and_response.html.erb
  Rendered /Users/Daniel/.rvm/gems/ruby-2.4.1/gems/actionpack-5.0.2/lib/action_dispatch/middleware/templates/rescues/_request_and_response.html.erb (1.4ms)
  Rendered /Users/Daniel/.rvm/gems/ruby-2.4.1/gems/actionpack-5.0.2/lib/action_dispatch/middleware/templates/rescues/routing_error.html.erb within rescues/layout (95.9ms)
DEPRECATION WARNING: Accessing mime types via constants is deprecated. Please change `Mime::HTML` to `Mime[:html]`. (called from acceptable_content_type? at /Users/Daniel/.rvm/gems/ruby-2.4.1/gems/web-console-2.3.0/lib/web_console/middleware.rb:58)
  Rendering /Users/Daniel/.rvm/gems/ruby-2.4.1/gems/web-console-2.3.0/lib/web_console/templates/index.html.erb
  Rendered /Users/Daniel/.rvm/gems/ruby-2.4.1/gems/web-console-2.3.0/lib/web_console/templates/_markup.html.erb (0.4ms)
  Rendering /Users/Daniel/.rvm/gems/ruby-2.4.1/gems/web-console-2.3.0/lib/web_console/templates/console.js.erb within layouts/javascript
  Rendering /Users/Daniel/.rvm/gems/ruby-2.4.1/gems/web-console-2.3.0/lib/web_console/templates/_inner_console_markup.html.erb within layouts/inlined_string
  Rendered /Users/Daniel/.rvm/gems/ruby-2.4.1/gems/web-console-2.3.0/lib/web_console/templates/_inner_console_markup.html.erb within layouts/inlined_string (0.4ms)
  Rendering /Users/Daniel/.rvm/gems/ruby-2.4.1/gems/web-console-2.3.0/lib/web_console/templates/_prompt_box_markup.html.erb within layouts/inlined_string
  Rendered /Users/Daniel/.rvm/gems/ruby-2.4.1/gems/web-console-2.3.0/lib/web_console/templates/_prompt_box_markup.html.erb within layouts/inlined_string (0.2ms)
  Rendering /Users/Daniel/.rvm/gems/ruby-2.4.1/gems/web-console-2.3.0/lib/web_console/templates/style.css.erb within layouts/inlined_string
  Rendered /Users/Daniel/.rvm/gems/ruby-2.4.1/gems/web-console-2.3.0/lib/web_console/templates/style.css.erb within layouts/inlined_string (0.2ms)
DEPRECATION WARNING: Accessing mime types via constants is deprecated. Please change `Mime::WEB_CONSOLE_V2` to `Mime[:web_console_v2]`. (called from ___sers__aniel__rvm_gems_ruby_______gems_web_console_______lib_web_console_templates_console_js_erb___1091723747892802779_70113239183240 at /Users/Daniel/.rvm/gems/ruby-2.4.1/gems/web-console-2.3.0/lib/web_console/templates/console.js.erb:491)
  Rendered /Users/Daniel/.rvm/gems/ruby-2.4.1/gems/web-console-2.3.0/lib/web_console/templates/console.js.erb within layouts/javascript (43.1ms)
  Rendering /Users/Daniel/.rvm/gems/ruby-2.4.1/gems/web-console-2.3.0/lib/web_console/templates/main.js.erb within layouts/javascript
  Rendered /Users/Daniel/.rvm/gems/ruby-2.4.1/gems/web-console-2.3.0/lib/web_console/templates/main.js.erb within layouts/javascript (0.3ms)
  Rendering /Users/Daniel/.rvm/gems/ruby-2.4.1/gems/web-console-2.3.0/lib/web_console/templates/error_page.js.erb within layouts/javascript
  Rendered /Users/Daniel/.rvm/gems/ruby-2.4.1/gems/web-console-2.3.0/lib/web_console/templates/error_page.js.erb within layouts/javascript (0.4ms)
  Rendered /Users/Daniel/.rvm/gems/ruby-2.4.1/gems/web-console-2.3.0/lib/web_console/templates/index.html.erb (96.1ms)
Started GET "/artists/3/songs/11/edit" for ::1 at 2017-05-04 14:29:15 -0400
Processing by SongsController#edit as HTML
  Parameters: {"artist_id"=>"3", "id"=>"11"}
  [1m[36mSong Load (0.2ms)[0m  [1m[34mSELECT  "songs".* FROM "songs" WHERE "songs"."artist_id" = ? LIMIT ?[0m  [["artist_id", 3], ["LIMIT", 1]]
  [1m[36mArtist Load (0.1ms)[0m  [1m[34mSELECT  "artists".* FROM "artists" WHERE "artists"."id" = ? LIMIT ?[0m  [["id", 3], ["LIMIT", 1]]
  [1m[36mSong Load (0.1ms)[0m  [1m[34mSELECT  "songs".* FROM "songs" WHERE "songs"."artist_id" = ? AND "songs"."id" = ? LIMIT ?[0m  [["artist_id", 3], ["id", 11], ["LIMIT", 1]]
  Rendering songs/edit.html.erb within layouts/application
  Rendered songs/_form.html.erb (2.0ms)
  Rendered songs/edit.html.erb within layouts/application (3.4ms)
Completed 200 OK in 13ms (Views: 8.7ms | ActiveRecord: 0.3ms)


Started PATCH "/songs/4" for ::1 at 2017-05-04 14:29:28 -0400
Processing by SongsController#update as HTML
  Parameters: {"utf8"=>"✓", "authenticity_token"=>"RjjFrg4IULt3F+2yat26hbviQgddA+GUwW7zuMAQ2xuHyvat1Q4RKP7tBIldzpLLVf8tM/X80jYExjNYLFqKHA==", "song"=>{"artist_id"=>"3", "title"=>"Around the World", "artist_name"=>""}, "commit"=>"Update Song", "id"=>"4"}
  [1m[36mSong Load (0.1ms)[0m  [1m[34mSELECT  "songs".* FROM "songs" WHERE "songs"."id" = ? LIMIT ?[0m  [["id", 4], ["LIMIT", 1]]
  [1m[35m (0.0ms)[0m  [1m[36mbegin transaction[0m
  [1m[36mArtist Load (0.1ms)[0m  [1m[34mSELECT  "artists".* FROM "artists" WHERE "artists"."name" = ? LIMIT ?[0m  [["name", ""], ["LIMIT", 1]]
  [1m[35m (0.0ms)[0m  [1m[36mcommit transaction[0m
  [1m[35m (0.0ms)[0m  [1m[36mbegin transaction[0m
  [1m[35m (0.0ms)[0m  [1m[36mcommit transaction[0m
Redirected to http://localhost:3000/songs/4
Completed 302 Found in 4ms (ActiveRecord: 0.4ms)


Started GET "/songs/4" for ::1 at 2017-05-04 14:29:28 -0400
Processing by SongsController#show as HTML
  Parameters: {"id"=>"4"}
  [1m[36mSong Load (0.1ms)[0m  [1m[34mSELECT  "songs".* FROM "songs" WHERE "songs"."id" = ? LIMIT ?[0m  [["id", 4], ["LIMIT", 1]]
  Rendering songs/show.html.erb within layouts/application
  [1m[36mArtist Load (0.1ms)[0m  [1m[34mSELECT  "artists".* FROM "artists" WHERE "artists"."id" = ? LIMIT ?[0m  [["id", 3], ["LIMIT", 1]]
  Rendered songs/show.html.erb within layouts/application (1.7ms)
Completed 200 OK in 10ms (Views: 8.0ms | ActiveRecord: 0.1ms)


Started GET "/songs" for ::1 at 2017-05-04 14:29:29 -0400
Processing by SongsController#index as HTML
  Rendering songs/index.html.erb within layouts/application
  [1m[36mSong Load (0.2ms)[0m  [1m[34mSELECT "songs".* FROM "songs"[0m
  [1m[36mArtist Load (0.1ms)[0m  [1m[34mSELECT  "artists".* FROM "artists" WHERE "artists"."id" = ? LIMIT ?[0m  [["id", 1], ["LIMIT", 1]]
  [1m[36mCACHE (0.0ms)[0m  [1m[34mSELECT  "artists".* FROM "artists" WHERE "artists"."id" = ? LIMIT ?[0m  [["id", 1], ["LIMIT", 1]]
  [1m[36mArtist Load (0.1ms)[0m  [1m[34mSELECT  "artists".* FROM "artists" WHERE "artists"."id" = ? LIMIT ?[0m  [["id", 2], ["LIMIT", 1]]
  [1m[36mArtist Load (0.0ms)[0m  [1m[34mSELECT  "artists".* FROM "artists" WHERE "artists"."id" = ? LIMIT ?[0m  [["id", 3], ["LIMIT", 1]]
  [1m[36mCACHE (0.0ms)[0m  [1m[34mSELECT  "artists".* FROM "artists" WHERE "artists"."id" = ? LIMIT ?[0m  [["id", 3], ["LIMIT", 1]]
  [1m[36mArtist Load (0.0ms)[0m  [1m[34mSELECT  "artists".* FROM "artists" WHERE "artists"."id" = ? LIMIT ?[0m  [["id", 4], ["LIMIT", 1]]
  [1m[36mCACHE (0.0ms)[0m  [1m[34mSELECT  "artists".* FROM "artists" WHERE "artists"."id" = ? LIMIT ?[0m  [["id", 4], ["LIMIT", 1]]
  [1m[36mCACHE (0.0ms)[0m  [1m[34mSELECT  "artists".* FROM "artists" WHERE "artists"."id" = ? LIMIT ?[0m  [["id", 4], ["LIMIT", 1]]
  [1m[36mCACHE (0.0ms)[0m  [1m[34mSELECT  "artists".* FROM "artists" WHERE "artists"."id" = ? LIMIT ?[0m  [["id", 1], ["LIMIT", 1]]
  [1m[36mArtist Load (0.1ms)[0m  [1m[34mSELECT  "artists".* FROM "artists" WHERE "artists"."id" = ? LIMIT ?[0m  [["id", 5], ["LIMIT", 1]]
  [1m[36mCACHE (0.0ms)[0m  [1m[34mSELECT  "artists".* FROM "artists" WHERE "artists"."id" = ? LIMIT ?[0m  [["id", 3], ["LIMIT", 1]]
  Rendered songs/index.html.erb within layouts/application (9.7ms)
Completed 200 OK in 18ms (Views: 16.2ms | ActiveRecord: 0.6ms)


Started GET "/songs/4" for ::1 at 2017-05-04 14:29:35 -0400
Processing by SongsController#show as HTML
  Parameters: {"id"=>"4"}
  [1m[36mSong Load (0.1ms)[0m  [1m[34mSELECT  "songs".* FROM "songs" WHERE "songs"."id" = ? LIMIT ?[0m  [["id", 4], ["LIMIT", 1]]
  Rendering songs/show.html.erb within layouts/application
  [1m[36mArtist Load (0.1ms)[0m  [1m[34mSELECT  "artists".* FROM "artists" WHERE "artists"."id" = ? LIMIT ?[0m  [["id", 3], ["LIMIT", 1]]
  Rendered songs/show.html.erb within layouts/application (1.5ms)
Completed 200 OK in 9ms (Views: 6.9ms | ActiveRecord: 0.2ms)


Started GET "/artists/3" for ::1 at 2017-05-04 14:29:37 -0400
Processing by ArtistsController#show as HTML
  Parameters: {"id"=>"3"}
  [1m[36mArtist Load (0.1ms)[0m  [1m[34mSELECT  "artists".* FROM "artists" WHERE "artists"."id" = ? LIMIT ?[0m  [["id", 3], ["LIMIT", 1]]
  Rendering artists/show.html.erb within layouts/application
  [1m[36mSong Load (0.1ms)[0m  [1m[34mSELECT "songs".* FROM "songs" WHERE "songs"."artist_id" = ?[0m  [["artist_id", 3]]
  Rendered artists/show.html.erb within layouts/application (2.3ms)
Completed 200 OK in 10ms (Views: 8.4ms | ActiveRecord: 0.2ms)


Started GET "/artists/3/songs/11" for ::1 at 2017-05-04 14:29:39 -0400
Processing by SongsController#show as HTML
  Parameters: {"artist_id"=>"3", "id"=>"11"}
  [1m[36mArtist Load (0.1ms)[0m  [1m[34mSELECT  "artists".* FROM "artists" WHERE "artists"."id" = ? LIMIT ?[0m  [["id", 3], ["LIMIT", 1]]
  [1m[36mSong Load (0.1ms)[0m  [1m[34mSELECT  "songs".* FROM "songs" WHERE "songs"."artist_id" = ? AND "songs"."id" = ? LIMIT ?[0m  [["artist_id", 3], ["id", 11], ["LIMIT", 1]]
  Rendering songs/show.html.erb within layouts/application
  Rendered songs/show.html.erb within layouts/application (0.6ms)
Completed 200 OK in 9ms (Views: 5.9ms | ActiveRecord: 0.2ms)


Started GET "/songs" for ::1 at 2017-05-04 14:29:40 -0400
Processing by SongsController#index as HTML
  Rendering songs/index.html.erb within layouts/application
  [1m[36mSong Load (0.2ms)[0m  [1m[34mSELECT "songs".* FROM "songs"[0m
  [1m[36mArtist Load (0.1ms)[0m  [1m[34mSELECT  "artists".* FROM "artists" WHERE "artists"."id" = ? LIMIT ?[0m  [["id", 1], ["LIMIT", 1]]
  [1m[36mCACHE (0.0ms)[0m  [1m[34mSELECT  "artists".* FROM "artists" WHERE "artists"."id" = ? LIMIT ?[0m  [["id", 1], ["LIMIT", 1]]
  [1m[36mArtist Load (0.1ms)[0m  [1m[34mSELECT  "artists".* FROM "artists" WHERE "artists"."id" = ? LIMIT ?[0m  [["id", 2], ["LIMIT", 1]]
  [1m[36mArtist Load (0.0ms)[0m  [1m[34mSELECT  "artists".* FROM "artists" WHERE "artists"."id" = ? LIMIT ?[0m  [["id", 3], ["LIMIT", 1]]
  [1m[36mCACHE (0.0ms)[0m  [1m[34mSELECT  "artists".* FROM "artists" WHERE "artists"."id" = ? LIMIT ?[0m  [["id", 3], ["LIMIT", 1]]
  [1m[36mArtist Load (0.0ms)[0m  [1m[34mSELECT  "artists".* FROM "artists" WHERE "artists"."id" = ? LIMIT ?[0m  [["id", 4], ["LIMIT", 1]]
  [1m[36mCACHE (0.0ms)[0m  [1m[34mSELECT  "artists".* FROM "artists" WHERE "artists"."id" = ? LIMIT ?[0m  [["id", 4], ["LIMIT", 1]]
  [1m[36mCACHE (0.0ms)[0m  [1m[34mSELECT  "artists".* FROM "artists" WHERE "artists"."id" = ? LIMIT ?[0m  [["id", 4], ["LIMIT", 1]]
  [1m[36mCACHE (0.0ms)[0m  [1m[34mSELECT  "artists".* FROM "artists" WHERE "artists"."id" = ? LIMIT ?[0m  [["id", 1], ["LIMIT", 1]]
  [1m[36mArtist Load (0.0ms)[0m  [1m[34mSELECT  "artists".* FROM "artists" WHERE "artists"."id" = ? LIMIT ?[0m  [["id", 5], ["LIMIT", 1]]
  [1m[36mCACHE (0.0ms)[0m  [1m[34mSELECT  "artists".* FROM "artists" WHERE "artists"."id" = ? LIMIT ?[0m  [["id", 3], ["LIMIT", 1]]
  Rendered songs/index.html.erb within layouts/application (10.6ms)
Completed 200 OK in 18ms (Views: 15.8ms | ActiveRecord: 0.5ms)


Started GET "/songs/new" for ::1 at 2017-05-04 14:29:43 -0400
Processing by SongsController#new as HTML
  Rendering songs/new.html.erb within layouts/application
  [1m[36mArtist Load (0.1ms)[0m  [1m[34mSELECT "artists".* FROM "artists"[0m
  Rendered songs/_form.html.erb (2.9ms)
  Rendered songs/new.html.erb within layouts/application (4.3ms)
Completed 200 OK in 11ms (Views: 9.8ms | ActiveRecord: 0.1ms)


Started POST "/songs" for ::1 at 2017-05-04 14:29:57 -0400
Processing by SongsController#create as HTML
  Parameters: {"utf8"=>"✓", "authenticity_token"=>"mY04g2BCmmDAYqLJUsJSKekK6HBFkfz04a0qU8laYztYfwuAu0Tb80mYS/Jl0XpnBxeHRO1uz1YkBeqzJRAyPA==", "song"=>{"artist_id"=>"5", "title"=>"Bad", "artist_name"=>""}, "commit"=>"Create Song"}
  [1m[36mArtist Load (0.2ms)[0m  [1m[34mSELECT  "artists".* FROM "artists" WHERE "artists"."name" = ? LIMIT ?[0m  [["name", ""], ["LIMIT", 1]]
  [1m[35m (0.0ms)[0m  [1m[36mbegin transaction[0m
  [1m[35mSQL (0.5ms)[0m  [1m[32mINSERT INTO "songs" ("title", "created_at", "updated_at", "artist_id") VALUES (?, ?, ?, ?)[0m  [["title", "Bad"], ["created_at", 2017-05-04 18:29:57 UTC], ["updated_at", 2017-05-04 18:29:57 UTC], ["artist_id", 5]]
  [1m[35m (0.6ms)[0m  [1m[36mcommit transaction[0m
Redirected to http://localhost:3000/songs/12
Completed 302 Found in 4ms (ActiveRecord: 1.4ms)


Started GET "/songs/12" for ::1 at 2017-05-04 14:29:57 -0400
Processing by SongsController#show as HTML
  Parameters: {"id"=>"12"}
  [1m[36mSong Load (0.1ms)[0m  [1m[34mSELECT  "songs".* FROM "songs" WHERE "songs"."id" = ? LIMIT ?[0m  [["id", 12], ["LIMIT", 1]]
  Rendering songs/show.html.erb within layouts/application
  [1m[36mArtist Load (0.1ms)[0m  [1m[34mSELECT  "artists".* FROM "artists" WHERE "artists"."id" = ? LIMIT ?[0m  [["id", 5], ["LIMIT", 1]]
  Rendered songs/show.html.erb within layouts/application (1.6ms)
Completed 200 OK in 9ms (Views: 7.2ms | ActiveRecord: 0.1ms)


Started GET "/songs/12" for ::1 at 2017-05-04 14:29:59 -0400
Processing by SongsController#show as HTML
  Parameters: {"id"=>"12"}
  [1m[36mSong Load (0.1ms)[0m  [1m[34mSELECT  "songs".* FROM "songs" WHERE "songs"."id" = ? LIMIT ?[0m  [["id", 12], ["LIMIT", 1]]
  Rendering songs/show.html.erb within layouts/application
  [1m[36mArtist Load (0.1ms)[0m  [1m[34mSELECT  "artists".* FROM "artists" WHERE "artists"."id" = ? LIMIT ?[0m  [["id", 5], ["LIMIT", 1]]
  Rendered songs/show.html.erb within layouts/application (2.9ms)
Completed 200 OK in 12ms (Views: 10.6ms | ActiveRecord: 0.2ms)


Started GET "/songs" for ::1 at 2017-05-04 14:30:00 -0400
Processing by SongsController#index as HTML
  Rendering songs/index.html.erb within layouts/application
  [1m[36mSong Load (0.2ms)[0m  [1m[34mSELECT "songs".* FROM "songs"[0m
  [1m[36mArtist Load (0.1ms)[0m  [1m[34mSELECT  "artists".* FROM "artists" WHERE "artists"."id" = ? LIMIT ?[0m  [["id", 1], ["LIMIT", 1]]
  [1m[36mCACHE (0.0ms)[0m  [1m[34mSELECT  "artists".* FROM "artists" WHERE "artists"."id" = ? LIMIT ?[0m  [["id", 1], ["LIMIT", 1]]
  [1m[36mArtist Load (0.1ms)[0m  [1m[34mSELECT  "artists".* FROM "artists" WHERE "artists"."id" = ? LIMIT ?[0m  [["id", 2], ["LIMIT", 1]]
  [1m[36mArtist Load (0.1ms)[0m  [1m[34mSELECT  "artists".* FROM "artists" WHERE "artists"."id" = ? LIMIT ?[0m  [["id", 3], ["LIMIT", 1]]
  [1m[36mCACHE (0.0ms)[0m  [1m[34mSELECT  "artists".* FROM "artists" WHERE "artists"."id" = ? LIMIT ?[0m  [["id", 3], ["LIMIT", 1]]
  [1m[36mArtist Load (0.1ms)[0m  [1m[34mSELECT  "artists".* FROM "artists" WHERE "artists"."id" = ? LIMIT ?[0m  [["id", 4], ["LIMIT", 1]]
  [1m[36mCACHE (0.0ms)[0m  [1m[34mSELECT  "artists".* FROM "artists" WHERE "artists"."id" = ? LIMIT ?[0m  [["id", 4], ["LIMIT", 1]]
  [1m[36mCACHE (0.0ms)[0m  [1m[34mSELECT  "artists".* FROM "artists" WHERE "artists"."id" = ? LIMIT ?[0m  [["id", 4], ["LIMIT", 1]]
  [1m[36mCACHE (0.0ms)[0m  [1m[34mSELECT  "artists".* FROM "artists" WHERE "artists"."id" = ? LIMIT ?[0m  [["id", 1], ["LIMIT", 1]]
  [1m[36mArtist Load (0.1ms)[0m  [1m[34mSELECT  "artists".* FROM "artists" WHERE "artists"."id" = ? LIMIT ?[0m  [["id", 5], ["LIMIT", 1]]
  [1m[36mCACHE (0.0ms)[0m  [1m[34mSELECT  "artists".* FROM "artists" WHERE "artists"."id" = ? LIMIT ?[0m  [["id", 3], ["LIMIT", 1]]
  [1m[36mCACHE (0.0ms)[0m  [1m[34mSELECT  "artists".* FROM "artists" WHERE "artists"."id" = ? LIMIT ?[0m  [["id", 5], ["LIMIT", 1]]
  Rendered songs/index.html.erb within layouts/application (15.7ms)
Completed 200 OK in 26ms (Views: 23.3ms | ActiveRecord: 0.6ms)


Started GET "/songs/12" for ::1 at 2017-05-04 14:30:02 -0400
Processing by SongsController#show as HTML
  Parameters: {"id"=>"12"}
  [1m[36mSong Load (0.1ms)[0m  [1m[34mSELECT  "songs".* FROM "songs" WHERE "songs"."id" = ? LIMIT ?[0m  [["id", 12], ["LIMIT", 1]]
  Rendering songs/show.html.erb within layouts/application
  [1m[36mArtist Load (0.1ms)[0m  [1m[34mSELECT  "artists".* FROM "artists" WHERE "artists"."id" = ? LIMIT ?[0m  [["id", 5], ["LIMIT", 1]]
  Rendered songs/show.html.erb within layouts/application (1.8ms)
Completed 200 OK in 10ms (Views: 7.7ms | ActiveRecord: 0.1ms)


Started GET "/songs/12/edit" for ::1 at 2017-05-04 14:30:05 -0400
Processing by SongsController#edit as HTML
  Parameters: {"id"=>"12"}
  [1m[36mSong Load (0.1ms)[0m  [1m[34mSELECT  "songs".* FROM "songs" WHERE "songs"."id" = ? LIMIT ?[0m  [["id", 12], ["LIMIT", 1]]
  Rendering songs/edit.html.erb within layouts/application
  [1m[36mArtist Load (0.1ms)[0m  [1m[34mSELECT  "artists".* FROM "artists" WHERE "artists"."id" = ? LIMIT ?[0m  [["id", 5], ["LIMIT", 1]]
  Rendered songs/_form.html.erb (4.4ms)
  Rendered songs/edit.html.erb within layouts/application (6.8ms)
Completed 200 OK in 16ms (Views: 14.4ms | ActiveRecord: 0.2ms)


Started GET "/songs/12/edit" for ::1 at 2017-05-04 14:30:54 -0400
Processing by SongsController#edit as HTML
  Parameters: {"id"=>"12"}
  [1m[36mSong Load (0.1ms)[0m  [1m[34mSELECT  "songs".* FROM "songs" WHERE "songs"."id" = ? LIMIT ?[0m  [["id", 12], ["LIMIT", 1]]
  Rendering songs/edit.html.erb within layouts/application
  [1m[36mArtist Load (0.1ms)[0m  [1m[34mSELECT  "artists".* FROM "artists" WHERE "artists"."id" = ? LIMIT ?[0m  [["id", 5], ["LIMIT", 1]]
  Rendered songs/_form.html.erb (3.6ms)
  Rendered songs/edit.html.erb within layouts/application (5.6ms)
Completed 200 OK in 15ms (Views: 13.0ms | ActiveRecord: 0.2ms)


Started GET "/songs/12/edit" for ::1 at 2017-05-04 14:30:56 -0400
Processing by SongsController#edit as HTML
  Parameters: {"id"=>"12"}
  [1m[36mSong Load (0.1ms)[0m  [1m[34mSELECT  "songs".* FROM "songs" WHERE "songs"."id" = ? LIMIT ?[0m  [["id", 12], ["LIMIT", 1]]
  Rendering songs/edit.html.erb within layouts/application
  [1m[36mArtist Load (0.1ms)[0m  [1m[34mSELECT  "artists".* FROM "artists" WHERE "artists"."id" = ? LIMIT ?[0m  [["id", 5], ["LIMIT", 1]]
  Rendered songs/_form.html.erb (3.5ms)
  Rendered songs/edit.html.erb within layouts/application (5.3ms)
Completed 200 OK in 15ms (Views: 13.0ms | ActiveRecord: 0.2ms)


Started GET "/songs/12/edit" for ::1 at 2017-05-04 14:31:13 -0400
Processing by SongsController#edit as HTML
  Parameters: {"id"=>"12"}
  [1m[36mSong Load (0.1ms)[0m  [1m[34mSELECT  "songs".* FROM "songs" WHERE "songs"."id" = ? LIMIT ?[0m  [["id", 12], ["LIMIT", 1]]
  Rendering songs/edit.html.erb within layouts/application
  [1m[36mArtist Load (0.1ms)[0m  [1m[34mSELECT  "artists".* FROM "artists" WHERE "artists"."id" = ? LIMIT ?[0m  [["id", 5], ["LIMIT", 1]]
  Rendered songs/_form.html.erb (3.0ms)
  Rendered songs/edit.html.erb within layouts/application (4.8ms)
Completed 200 OK in 12ms (Views: 10.0ms | ActiveRecord: 0.2ms)


Started GET "/songs/12/edit" for ::1 at 2017-05-04 14:31:28 -0400
Processing by SongsController#edit as HTML
  Parameters: {"id"=>"12"}
  [1m[36mSong Load (0.1ms)[0m  [1m[34mSELECT  "songs".* FROM "songs" WHERE "songs"."id" = ? LIMIT ?[0m  [["id", 12], ["LIMIT", 1]]
  Rendering songs/edit.html.erb within layouts/application
  [1m[36mArtist Load (0.1ms)[0m  [1m[34mSELECT  "artists".* FROM "artists" WHERE "artists"."id" = ? LIMIT ?[0m  [["id", 5], ["LIMIT", 1]]
  Rendered songs/_form.html.erb (13.4ms)
  Rendered songs/edit.html.erb within layouts/application (14.8ms)
Completed 200 OK in 31ms (Views: 21.1ms | ActiveRecord: 1.7ms)


Started GET "/songs/12/edit" for ::1 at 2017-05-04 14:32:53 -0400
Processing by SongsController#edit as HTML
  Parameters: {"id"=>"12"}
  [1m[36mSong Load (0.1ms)[0m  [1m[34mSELECT  "songs".* FROM "songs" WHERE "songs"."id" = ? LIMIT ?[0m  [["id", 12], ["LIMIT", 1]]
  Rendering songs/edit.html.erb within layouts/application
  [1m[36mArtist Load (0.2ms)[0m  [1m[34mSELECT  "artists".* FROM "artists" WHERE "artists"."id" = ? LIMIT ?[0m  [["id", 5], ["LIMIT", 1]]
  Rendered songs/_form.html.erb (12.3ms)
  Rendered songs/edit.html.erb within layouts/application (14.3ms)
Completed 200 OK in 29ms (Views: 20.3ms | ActiveRecord: 1.4ms)


Started GET "/songs/12/edit" for ::1 at 2017-05-04 14:33:02 -0400
Processing by SongsController#edit as HTML
  Parameters: {"id"=>"12"}
  [1m[36mSong Load (0.1ms)[0m  [1m[34mSELECT  "songs".* FROM "songs" WHERE "songs"."id" = ? LIMIT ?[0m  [["id", 12], ["LIMIT", 1]]
  Rendering songs/edit.html.erb within layouts/application
  [1m[36mArtist Load (0.1ms)[0m  [1m[34mSELECT  "artists".* FROM "artists" WHERE "artists"."id" = ? LIMIT ?[0m  [["id", 5], ["LIMIT", 1]]
  Rendered songs/_form.html.erb (2.6ms)
  Rendered songs/edit.html.erb within layouts/application (4.0ms)
Completed 200 OK in 10ms (Views: 8.6ms | ActiveRecord: 0.1ms)


Started GET "/songs/12/edit" for ::1 at 2017-05-04 14:33:34 -0400
Processing by SongsController#edit as HTML
  Parameters: {"id"=>"12"}
  [1m[36mSong Load (0.1ms)[0m  [1m[34mSELECT  "songs".* FROM "songs" WHERE "songs"."id" = ? LIMIT ?[0m  [["id", 12], ["LIMIT", 1]]
  [1m[36mArtist Load (0.1ms)[0m  [1m[34mSELECT  "artists".* FROM "artists" WHERE "artists"."id" = ? LIMIT ?[0m  [["id", 5], ["LIMIT", 1]]
  Rendering songs/edit.html.erb within layouts/application
  Rendered songs/_form.html.erb (2.3ms)
  Rendered songs/edit.html.erb within layouts/application (3.7ms)
Completed 200 OK in 22ms (Views: 8.7ms | ActiveRecord: 0.9ms)


Started GET "/songs/12/edit" for ::1 at 2017-05-04 14:35:01 -0400
  
SyntaxError (/Users/Daniel/Development/code/modification-nested-routes-lab-v-000/app/helpers/artists_helper.rb:6: duplicated argument name
  def artist_select(song, song.artist)
                              ^
/Users/Daniel/Development/code/modification-nested-routes-lab-v-000/app/helpers/artists_helper.rb:6: syntax error, unexpected '.', expecting ')'
 def artist_select(song, song.artist)
                              ^
/Users/Daniel/Development/code/modification-nested-routes-lab-v-000/app/helpers/artists_helper.rb:14: syntax error, unexpected keyword_end, expecting end-of-input):
  
app/helpers/artists_helper.rb:6: duplicated argument name
app/helpers/artists_helper.rb:6: syntax error, unexpected '.', expecting ')'
app/helpers/artists_helper.rb:14: syntax error, unexpected keyword_end, expecting end-of-input
app/controllers/application_controller.rb:1:in `<top (required)>'
app/controllers/songs_controller.rb:1:in `<top (required)>'
  Rendering /Users/Daniel/.rvm/gems/ruby-2.4.1/gems/actionpack-5.0.2/lib/action_dispatch/middleware/templates/rescues/diagnostics.html.erb within rescues/layout
  Rendering /Users/Daniel/.rvm/gems/ruby-2.4.1/gems/actionpack-5.0.2/lib/action_dispatch/middleware/templates/rescues/_source.html.erb
  Rendered /Users/Daniel/.rvm/gems/ruby-2.4.1/gems/actionpack-5.0.2/lib/action_dispatch/middleware/templates/rescues/_source.html.erb (6.3ms)
  Rendering /Users/Daniel/.rvm/gems/ruby-2.4.1/gems/actionpack-5.0.2/lib/action_dispatch/middleware/templates/rescues/_trace.html.erb
  Rendered /Users/Daniel/.rvm/gems/ruby-2.4.1/gems/actionpack-5.0.2/lib/action_dispatch/middleware/templates/rescues/_trace.html.erb (1.9ms)
  Rendering /Users/Daniel/.rvm/gems/ruby-2.4.1/gems/actionpack-5.0.2/lib/action_dispatch/middleware/templates/rescues/_request_and_response.html.erb
  Rendered /Users/Daniel/.rvm/gems/ruby-2.4.1/gems/actionpack-5.0.2/lib/action_dispatch/middleware/templates/rescues/_request_and_response.html.erb (1.1ms)
  Rendered /Users/Daniel/.rvm/gems/ruby-2.4.1/gems/actionpack-5.0.2/lib/action_dispatch/middleware/templates/rescues/diagnostics.html.erb within rescues/layout (58.6ms)
DEPRECATION WARNING: Accessing mime types via constants is deprecated. Please change `Mime::HTML` to `Mime[:html]`. (called from acceptable_content_type? at /Users/Daniel/.rvm/gems/ruby-2.4.1/gems/web-console-2.3.0/lib/web_console/middleware.rb:58)
  Rendering /Users/Daniel/.rvm/gems/ruby-2.4.1/gems/web-console-2.3.0/lib/web_console/templates/index.html.erb
  Rendered /Users/Daniel/.rvm/gems/ruby-2.4.1/gems/web-console-2.3.0/lib/web_console/templates/_markup.html.erb (0.4ms)
  Rendering /Users/Daniel/.rvm/gems/ruby-2.4.1/gems/web-console-2.3.0/lib/web_console/templates/console.js.erb within layouts/javascript
  Rendering /Users/Daniel/.rvm/gems/ruby-2.4.1/gems/web-console-2.3.0/lib/web_console/templates/_inner_console_markup.html.erb within layouts/inlined_string
  Rendered /Users/Daniel/.rvm/gems/ruby-2.4.1/gems/web-console-2.3.0/lib/web_console/templates/_inner_console_markup.html.erb within layouts/inlined_string (0.4ms)
  Rendering /Users/Daniel/.rvm/gems/ruby-2.4.1/gems/web-console-2.3.0/lib/web_console/templates/_prompt_box_markup.html.erb within layouts/inlined_string
  Rendered /Users/Daniel/.rvm/gems/ruby-2.4.1/gems/web-console-2.3.0/lib/web_console/templates/_prompt_box_markup.html.erb within layouts/inlined_string (0.3ms)
  Rendering /Users/Daniel/.rvm/gems/ruby-2.4.1/gems/web-console-2.3.0/lib/web_console/templates/style.css.erb within layouts/inlined_string
  Rendered /Users/Daniel/.rvm/gems/ruby-2.4.1/gems/web-console-2.3.0/lib/web_console/templates/style.css.erb within layouts/inlined_string (0.3ms)
DEPRECATION WARNING: Accessing mime types via constants is deprecated. Please change `Mime::WEB_CONSOLE_V2` to `Mime[:web_console_v2]`. (called from ___sers__aniel__rvm_gems_ruby_______gems_web_console_______lib_web_console_templates_console_js_erb___1091723747892802779_70113241108600 at /Users/Daniel/.rvm/gems/ruby-2.4.1/gems/web-console-2.3.0/lib/web_console/templates/console.js.erb:491)
  Rendered /Users/Daniel/.rvm/gems/ruby-2.4.1/gems/web-console-2.3.0/lib/web_console/templates/console.js.erb within layouts/javascript (43.8ms)
  Rendering /Users/Daniel/.rvm/gems/ruby-2.4.1/gems/web-console-2.3.0/lib/web_console/templates/main.js.erb within layouts/javascript
  Rendered /Users/Daniel/.rvm/gems/ruby-2.4.1/gems/web-console-2.3.0/lib/web_console/templates/main.js.erb within layouts/javascript (0.2ms)
  Rendering /Users/Daniel/.rvm/gems/ruby-2.4.1/gems/web-console-2.3.0/lib/web_console/templates/error_page.js.erb within layouts/javascript
  Rendered /Users/Daniel/.rvm/gems/ruby-2.4.1/gems/web-console-2.3.0/lib/web_console/templates/error_page.js.erb within layouts/javascript (0.6ms)
  Rendered /Users/Daniel/.rvm/gems/ruby-2.4.1/gems/web-console-2.3.0/lib/web_console/templates/index.html.erb (96.0ms)
Started GET "/songs/12/edit" for ::1 at 2017-05-04 14:35:58 -0400
Processing by SongsController#edit as HTML
  Parameters: {"id"=>"12"}
  [1m[36mSong Load (0.1ms)[0m  [1m[34mSELECT  "songs".* FROM "songs" WHERE "songs"."id" = ? LIMIT ?[0m  [["id", 12], ["LIMIT", 1]]
  [1m[36mArtist Load (0.1ms)[0m  [1m[34mSELECT  "artists".* FROM "artists" WHERE "artists"."id" = ? LIMIT ?[0m  [["id", 5], ["LIMIT", 1]]
  Rendering songs/edit.html.erb within layouts/application
  Rendered songs/_form.html.erb (3.5ms)
  Rendered songs/edit.html.erb within layouts/application (6.3ms)
Completed 200 OK in 29ms (Views: 13.0ms | ActiveRecord: 1.2ms)


Started GET "/songs/12/edit" for ::1 at 2017-05-04 14:36:01 -0400
Processing by SongsController#edit as HTML
  Parameters: {"id"=>"12"}
  [1m[36mSong Load (0.1ms)[0m  [1m[34mSELECT  "songs".* FROM "songs" WHERE "songs"."id" = ? LIMIT ?[0m  [["id", 12], ["LIMIT", 1]]
  [1m[36mArtist Load (0.1ms)[0m  [1m[34mSELECT  "artists".* FROM "artists" WHERE "artists"."id" = ? LIMIT ?[0m  [["id", 5], ["LIMIT", 1]]
  Rendering songs/edit.html.erb within layouts/application
  Rendered songs/_form.html.erb (1.9ms)
  Rendered songs/edit.html.erb within layouts/application (3.4ms)
Completed 200 OK in 13ms (Views: 10.2ms | ActiveRecord: 0.1ms)


Started GET "/songs" for ::1 at 2017-05-04 14:36:05 -0400
Processing by SongsController#index as HTML
  Rendering songs/index.html.erb within layouts/application
  [1m[36mSong Load (0.2ms)[0m  [1m[34mSELECT "songs".* FROM "songs"[0m
  [1m[36mArtist Load (0.1ms)[0m  [1m[34mSELECT  "artists".* FROM "artists" WHERE "artists"."id" = ? LIMIT ?[0m  [["id", 1], ["LIMIT", 1]]
  [1m[36mCACHE (0.0ms)[0m  [1m[34mSELECT  "artists".* FROM "artists" WHERE "artists"."id" = ? LIMIT ?[0m  [["id", 1], ["LIMIT", 1]]
  [1m[36mArtist Load (0.1ms)[0m  [1m[34mSELECT  "artists".* FROM "artists" WHERE "artists"."id" = ? LIMIT ?[0m  [["id", 2], ["LIMIT", 1]]
  [1m[36mArtist Load (0.1ms)[0m  [1m[34mSELECT  "artists".* FROM "artists" WHERE "artists"."id" = ? LIMIT ?[0m  [["id", 3], ["LIMIT", 1]]
  [1m[36mCACHE (0.0ms)[0m  [1m[34mSELECT  "artists".* FROM "artists" WHERE "artists"."id" = ? LIMIT ?[0m  [["id", 3], ["LIMIT", 1]]
  [1m[36mArtist Load (0.1ms)[0m  [1m[34mSELECT  "artists".* FROM "artists" WHERE "artists"."id" = ? LIMIT ?[0m  [["id", 4], ["LIMIT", 1]]
  [1m[36mCACHE (0.0ms)[0m  [1m[34mSELECT  "artists".* FROM "artists" WHERE "artists"."id" = ? LIMIT ?[0m  [["id", 4], ["LIMIT", 1]]
  [1m[36mCACHE (0.0ms)[0m  [1m[34mSELECT  "artists".* FROM "artists" WHERE "artists"."id" = ? LIMIT ?[0m  [["id", 4], ["LIMIT", 1]]
  [1m[36mCACHE (0.0ms)[0m  [1m[34mSELECT  "artists".* FROM "artists" WHERE "artists"."id" = ? LIMIT ?[0m  [["id", 1], ["LIMIT", 1]]
  [1m[36mArtist Load (0.1ms)[0m  [1m[34mSELECT  "artists".* FROM "artists" WHERE "artists"."id" = ? LIMIT ?[0m  [["id", 5], ["LIMIT", 1]]
  [1m[36mCACHE (0.0ms)[0m  [1m[34mSELECT  "artists".* FROM "artists" WHERE "artists"."id" = ? LIMIT ?[0m  [["id", 3], ["LIMIT", 1]]
  [1m[36mCACHE (0.0ms)[0m  [1m[34mSELECT  "artists".* FROM "artists" WHERE "artists"."id" = ? LIMIT ?[0m  [["id", 5], ["LIMIT", 1]]
  Rendered songs/index.html.erb within layouts/application (10.9ms)
Completed 200 OK in 20ms (Views: 16.8ms | ActiveRecord: 0.7ms)


Started GET "/songs/7" for ::1 at 2017-05-04 14:36:07 -0400
Processing by SongsController#show as HTML
  Parameters: {"id"=>"7"}
  [1m[36mSong Load (0.1ms)[0m  [1m[34mSELECT  "songs".* FROM "songs" WHERE "songs"."id" = ? LIMIT ?[0m  [["id", 7], ["LIMIT", 1]]
  Rendering songs/show.html.erb within layouts/application
  [1m[36mArtist Load (0.1ms)[0m  [1m[34mSELECT  "artists".* FROM "artists" WHERE "artists"."id" = ? LIMIT ?[0m  [["id", 4], ["LIMIT", 1]]
  Rendered songs/show.html.erb within layouts/application (1.5ms)
Completed 200 OK in 8ms (Views: 6.7ms | ActiveRecord: 0.2ms)


Started GET "/songs/7" for ::1 at 2017-05-04 14:36:09 -0400
Processing by SongsController#show as HTML
  Parameters: {"id"=>"7"}
  [1m[36mSong Load (0.1ms)[0m  [1m[34mSELECT  "songs".* FROM "songs" WHERE "songs"."id" = ? LIMIT ?[0m  [["id", 7], ["LIMIT", 1]]
  Rendering songs/show.html.erb within layouts/application
  [1m[36mArtist Load (0.1ms)[0m  [1m[34mSELECT  "artists".* FROM "artists" WHERE "artists"."id" = ? LIMIT ?[0m  [["id", 4], ["LIMIT", 1]]
  Rendered songs/show.html.erb within layouts/application (1.6ms)
Completed 200 OK in 9ms (Views: 6.9ms | ActiveRecord: 0.1ms)


Started GET "/songs/7/edit" for ::1 at 2017-05-04 14:36:12 -0400
Processing by SongsController#edit as HTML
  Parameters: {"id"=>"7"}
  [1m[36mSong Load (0.1ms)[0m  [1m[34mSELECT  "songs".* FROM "songs" WHERE "songs"."id" = ? LIMIT ?[0m  [["id", 7], ["LIMIT", 1]]
  [1m[36mArtist Load (0.1ms)[0m  [1m[34mSELECT  "artists".* FROM "artists" WHERE "artists"."id" = ? LIMIT ?[0m  [["id", 4], ["LIMIT", 1]]
  Rendering songs/edit.html.erb within layouts/application
  Rendered songs/_form.html.erb (1.9ms)
  Rendered songs/edit.html.erb within layouts/application (3.3ms)
Completed 200 OK in 13ms (Views: 10.4ms | ActiveRecord: 0.1ms)


Started GET "/songs/7/edit" for ::1 at 2017-05-04 14:38:27 -0400
Processing by SongsController#edit as HTML
  Parameters: {"id"=>"7"}
  [1m[36mSong Load (0.1ms)[0m  [1m[34mSELECT  "songs".* FROM "songs" WHERE "songs"."id" = ? LIMIT ?[0m  [["id", 7], ["LIMIT", 1]]
  [1m[36mArtist Load (0.1ms)[0m  [1m[34mSELECT  "artists".* FROM "artists" WHERE "artists"."id" = ? LIMIT ?[0m  [["id", 4], ["LIMIT", 1]]
  Rendering songs/edit.html.erb within layouts/application
  Rendered songs/_form.html.erb (1.8ms)
  Rendered songs/edit.html.erb within layouts/application (3.3ms)
Completed 200 OK in 13ms (Views: 10.3ms | ActiveRecord: 0.2ms)


